0 info it worked if it ends with ok
1 verbose cli [ 'D:\\Program Files (x86)\\nodejs\\node.exe',
1 verbose cli   'C:\\Users\\Administrator\\AppData\\Roaming\\npm\\node_modules\\npm\\bin\\npm-cli.js',
1 verbose cli   'run',
1 verbose cli   'dev' ]
2 info using npm@3.10.10
3 info using node@v6.11.2
4 verbose run-script [ 'predev', 'dev', 'postdev' ]
5 info lifecycle test@1.0.0~predev: test@1.0.0
6 silly lifecycle test@1.0.0~predev: no script for predev, continuing
7 info lifecycle test@1.0.0~dev: test@1.0.0
8 verbose lifecycle test@1.0.0~dev: unsafe-perm in lifecycle true
9 verbose lifecycle test@1.0.0~dev: PATH: C:\Users\Administrator\AppData\Roaming\npm\node_modules\npm\bin\node-gyp-bin;E:\Vue\day6\01\node_modules\.bin;C:\Windows\system32;C:\Windows;C:\Windows\System32\Wbem;C:\Windows\System32\WindowsPowerShell\v1.0\;C:\Program Files\Microsoft\Web Platform Installer\;C:\Program Files\dotnet\;C:\Program Files\Microsoft SQL Server\120\DTS\Binn\;C:\Program Files\Microsoft SQL Server\Client SDK\ODBC\110\Tools\Binn\;C:\Program Files (x86)\Microsoft SQL Server\120\Tools\Binn\;C:\Program Files\Microsoft SQL Server\120\Tools\Binn\;C:\Program Files (x86)\Microsoft SQL Server\120\Tools\Binn\ManagementStudio\;C:\Program Files (x86)\Microsoft SQL Server\120\DTS\Binn\;C:\Windows\system32\config\systemprofile\.dnx\bin;C:\Program Files\Microsoft DNX\Dnvm\;C:\Program Files\Microsoft SQL Server\130\Tools\Binn\;D:\Program Files (x86)\Git\cmd;D:\Program Files (x86)\nodejs\;D:\Program Files\mongodb\bin;C:\Users\Administrator\AppData\Roaming\npm;D:\Program Files\Microsoft VS Code\bin
10 verbose lifecycle test@1.0.0~dev: CWD: E:\Vue\day6\01
11 silly lifecycle test@1.0.0~dev: Args: [ '/d /s /c',
11 silly lifecycle   'webpack-dev-server --contentBase src --open --port 3333 --hot' ]
12 silly lifecycle test@1.0.0~dev: Returned: code: 3221225786  signal: null
13 info lifecycle test@1.0.0~dev: Failed to exec dev script
14 verbose stack Error: test@1.0.0 dev: `webpack-dev-server --contentBase src --open --port 3333 --hot`
14 verbose stack Exit status 3221225786
14 verbose stack     at EventEmitter.<anonymous> (C:\Users\Administrator\AppData\Roaming\npm\node_modules\npm\lib\utils\lifecycle.js:255:16)
14 verbose stack     at emitTwo (events.js:106:13)
14 verbose stack     at EventEmitter.emit (events.js:191:7)
14 verbose stack     at ChildProcess.<anonymous> (C:\Users\Administrator\AppData\Roaming\npm\node_modules\npm\lib\utils\spawn.js:40:14)
14 verbose stack     at emitTwo (events.js:106:13)
14 verbose stack     at ChildProcess.emit (events.js:191:7)
14 verbose stack     at maybeClose (internal/child_process.js:891:16)
14 verbose stack     at Process.ChildProcess._handle.onexit (internal/child_process.js:226:5)
15 verbose pkgid test@1.0.0
16 verbose cwd E:\Vue\day6\01
17 error Windows_NT 6.1.7601
18 error argv "D:\\Program Files (x86)\\nodejs\\node.exe" "C:\\Users\\Administrator\\AppData\\Roaming\\npm\\node_modules\\npm\\bin\\npm-cli.js" "run" "dev"
19 error node v6.11.2
20 error npm  v3.10.10
21 error code ELIFECYCLE
22 error test@1.0.0 dev: `webpack-dev-server --contentBase src --open --port 3333 --hot`
22 error Exit status 3221225786
23 error Failed at the test@1.0.0 dev script 'webpack-dev-server --contentBase src --open --port 3333 --hot'.
23 error Make sure you have the latest version of node.js and npm installed.
23 error If you do, this is most likely a problem with the test package,
23 error not with npm itself.
23 error Tell the author that this fails on your system:
23 error     webpack-dev-server --contentBase src --open --port 3333 --hot
23 error You can get information on how to open an issue for this project with:
23 error     npm bugs test
23 error Or if that isn't available, you can get their info via:
23 error     npm owner ls test
23 error There is likely additional logging output above.
24 verbose exit [ 1, true ]
